2025-11-27 17:00:27, MOVE, v:1, k:poo@contato, mode:PICK
2025-11-27 17:00:29, EXEC, v:1, k:poo@contato, mode:FULL, rate:0
2025-11-27 17:00:34, MOVE, v:1, k:poo@contato, mode:BACK
2025-11-27 17:18:25, MOVE, v:1, k:poo@contato, mode:PICK
2025-11-27 17:18:26, EXEC, v:1, k:poo@contato, mode:FULL, rate:0, size:56
2025-11-27 17:18:28, MOVE, v:1, k:poo@contato, mode:BACK
2025-11-27 17:32:39, MOVE, v:1, k:poo@contato, mode:PICK
2025-11-27 17:32:40, EXEC, v:1, k:poo@contato, mode:FULL, rate:0, size:67
2025-11-27 17:32:42, MOVE, v:1, k:poo@contato, mode:BACK
2025-11-27 18:06:24, MOVE, v:1, k:poo@contato, mode:PICK
2025-11-27 18:06:29, EXEC, v:1, k:poo@contato, mode:FULL, rate:60, size:78
2025-11-27 18:07:47, EXEC, v:1, k:poo@contato, mode:FULL, rate:60, size:78
2025-11-27 18:09:00, EXEC, v:1, k:poo@contato, mode:FULL, rate:60, size:78
2025-11-27 18:10:06, EXEC, v:1, k:poo@contato, mode:FULL, rate:60, size:78
2025-11-27 18:10:32, EXEC, v:1, k:poo@contato, mode:FULL, rate:100, size:78
2025-11-27 18:10:40, MOVE, v:1, k:poo@contato, mode:BACK
2025-11-27 18:13:18, SELF, v:1, k:poo@contato, rate:100, human:sim, iagen:sim, guide:sim, other:nao, alone:6, study:150
2025-11-27 18:13:21, MOVE, v:1, k:poo@contato, mode:PICK
2025-11-27 18:13:22, EXEC, v:1, k:poo@contato, mode:FULL, rate:100
2025-11-27 18:13:23, MOVE, v:1, k:poo@contato, mode:BACK
2025-11-27 18:13:30, MOVE, v:1, k:poo@agenda, mode:DOWN
2025-11-27 18:13:31, MOVE, v:1, k:poo@agenda, mode:PICK
2025-11-27 18:13:54, MOVE, v:1, k:poo@agenda, mode:BACK
