2025-12-01 00:21:22, MOVE, v:1, k:poo@agenda, mode:PICK
2025-12-01 00:21:23, EXEC, v:1, k:poo@agenda, mode:FULL, rate:0
2025-12-01 00:21:25, MOVE, v:1, k:poo@agenda, mode:BACK
2025-12-01 00:21:27, MOVE, v:1, k:poo@contato, mode:PICK
2025-12-01 00:21:28, EXEC, v:1, k:poo@contato, mode:FULL, rate:100
2025-12-01 00:21:30, MOVE, v:1, k:poo@contato, mode:BACK
2025-12-01 00:24:29, MOVE, v:1, k:poo@agenda, mode:PICK
2025-12-01 00:24:29, EXEC, v:1, k:poo@agenda, mode:FULL, rate:0, size:110
2025-12-01 00:24:43, MOVE, v:1, k:poo@agenda, mode:BACK
2025-12-01 00:30:58, MOVE, v:1, k:poo@contato, mode:PICK
2025-12-01 00:30:59, EXEC, v:1, k:poo@contato, mode:FULL, rate:100
2025-12-01 00:31:00, MOVE, v:1, k:poo@contato, mode:BACK
2025-12-01 00:31:03, MOVE, v:1, k:poo@agenda, mode:PICK
2025-12-01 00:31:04, EXEC, v:1, k:poo@agenda, mode:FULL, rate:0, size:119
2025-12-01 00:31:06, MOVE, v:1, k:poo@agenda, mode:BACK
2025-12-01 00:31:12, MOVE, v:1, k:poo@agenda, mode:PICK
2025-12-01 00:31:13, EXEC, v:1, k:poo@agenda, mode:FULL, rate:0
2025-12-01 00:31:31, EXEC, v:1, k:poo@agenda, mode:FULL, rate:0, size:119
2025-12-01 00:31:42, EXEC, v:1, k:poo@agenda, mode:FULL, rate:0, size:119
2025-12-01 00:31:48, EXEC, v:1, k:poo@agenda, mode:FULL, rate:0, size:119
2025-12-01 00:32:16, EXEC, v:1, k:poo@agenda, mode:FULL, rate:0, size:119
2025-12-01 00:32:36, EXEC, v:1, k:poo@agenda, mode:FULL, rate:0
2025-12-01 00:32:37, MOVE, v:1, k:poo@agenda, mode:BACK
2025-12-01 00:32:40, MOVE, v:1, k:poo@contato, mode:PICK
2025-12-01 00:32:40, EXEC, v:1, k:poo@contato, mode:FULL, rate:100
2025-12-01 00:32:41, MOVE, v:1, k:poo@contato, mode:BACK
2025-12-01 00:32:46, MOVE, v:1, k:poo@contato, mode:PICK
2025-12-01 00:32:46, EXEC, v:1, k:poo@contato, mode:FULL, rate:100
2025-12-01 00:32:47, MOVE, v:1, k:poo@contato, mode:BACK
2025-12-01 00:41:16, MOVE, v:1, k:poo@contato, mode:PICK
2025-12-01 00:41:17, EXEC, v:1, k:poo@contato, mode:FULL, rate:100
2025-12-01 00:41:21, MOVE, v:1, k:poo@contato, mode:BACK
2025-12-01 00:41:30, MOVE, v:1, k:poo@agenda, mode:PICK
2025-12-01 00:41:31, EXEC, v:1, k:poo@agenda, mode:FULL, rate:0
2025-12-01 00:41:33, MOVE, v:1, k:poo@agenda, mode:BACK
2025-12-01 00:41:57, MOVE, v:1, k:poo@agenda, mode:PICK
2025-12-01 00:41:58, EXEC, v:1, k:poo@agenda, mode:FULL, rate:0
2025-12-01 00:44:51, EXEC, v:1, k:poo@agenda, mode:FULL, rate:0, size:118
2025-12-01 00:49:39, EXEC, v:1, k:poo@agenda, mode:FULL, rate:0, size:115
2025-12-01 00:51:26, EXEC, v:1, k:poo@agenda, mode:FULL, rate:0, size:115
2025-12-01 00:51:31, MOVE, v:1, k:poo@agenda, mode:BACK
2025-12-01 00:51:35, MOVE, v:1, k:poo@contato, mode:PICK
2025-12-01 00:51:36, EXEC, v:1, k:poo@contato, mode:FULL, rate:100
2025-12-01 00:51:37, MOVE, v:1, k:poo@contato, mode:BACK
2025-12-01 00:51:41, MOVE, v:1, k:poo@agenda, mode:PICK
2025-12-01 00:51:42, EXEC, v:1, k:poo@agenda, mode:FULL, rate:0
2025-12-01 00:51:43, MOVE, v:1, k:poo@agenda, mode:BACK
2025-12-01 00:52:25, MOVE, v:1, k:poo@agenda, mode:PICK
2025-12-01 00:52:26, EXEC, v:1, k:poo@agenda, mode:FULL, rate:0, size:116
2025-12-01 00:54:52, EXEC, v:1, k:poo@agenda, mode:FULL, rate:0, size:108
2025-12-01 00:56:36, EXEC, v:1, k:poo@agenda, mode:FULL, rate:0, size:115
2025-12-01 00:58:07, EXEC, v:1, k:poo@agenda, mode:FULL, rate:0, size:115
2025-12-01 00:58:23, EXEC, v:1, k:poo@agenda, mode:FULL, rate:0
2025-12-01 01:00:45, EXEC, v:1, k:poo@agenda, mode:FULL, rate:0, size:116
2025-12-01 01:03:08, EXEC, v:1, k:poo@agenda, mode:FULL, rate:0, size:119
2025-12-01 01:03:33, EXEC, v:1, k:poo@agenda, mode:FULL, rate:0, size:119
2025-12-01 01:03:44, EXEC, v:1, k:poo@agenda, mode:FULL, rate:0, size:117
2025-12-01 01:07:07, EXEC, v:1, k:poo@agenda, mode:FULL, rate:0, size:119
2025-12-01 01:07:58, EXEC, v:1, k:poo@agenda, mode:FULL, rate:0, size:114
2025-12-01 01:08:05, MOVE, v:1, k:poo@agenda, mode:BACK
2025-12-01 01:08:12, MOVE, v:1, k:poo@contato, mode:PICK
2025-12-01 01:08:13, EXEC, v:1, k:poo@contato, mode:FULL, rate:100
2025-12-01 01:08:14, MOVE, v:1, k:poo@contato, mode:BACK
2025-12-01 01:08:17, MOVE, v:1, k:poo@agenda, mode:PICK
2025-12-01 01:08:18, EXEC, v:1, k:poo@agenda, mode:FULL, rate:0
2025-12-01 01:08:19, MOVE, v:1, k:poo@agenda, mode:BACK
2025-12-01 18:51:10, SELF, v:1, k:poo@contato, rate:100, human:sim, iagen:nao, guide:sim, other:nao, alone:7, study:150
2025-12-01 18:51:14, MOVE, v:1, k:poo@agenda, mode:PICK
2025-12-01 18:51:14, EXEC, v:1, k:poo@agenda, mode:FULL, rate:0
2025-12-01 18:55:44, EXEC, v:1, k:poo@agenda, mode:FULL, rate:0, size:114
2025-12-01 18:56:46, EXEC, v:1, k:poo@agenda, mode:FULL, rate:0, size:114
2025-12-01 19:01:02, EXEC, v:1, k:poo@agenda, mode:FULL, rate:0, size:119
2025-12-01 19:05:25, EXEC, v:1, k:poo@agenda, mode:FULL, rate:0, size:121
2025-12-01 19:05:28, EXEC, v:1, k:poo@agenda, mode:FULL, rate:0
2025-12-01 19:05:28, EXEC, v:1, k:poo@agenda, mode:FULL, rate:0
2025-12-01 19:06:12, EXEC, v:1, k:poo@agenda, mode:FULL, rate:0, size:119
2025-12-01 19:06:14, EXEC, v:1, k:poo@agenda, mode:FULL, rate:0
2025-12-01 19:06:38, MOVE, v:1, k:poo@agenda, mode:PICK
2025-12-01 19:06:39, EXEC, v:1, k:poo@agenda, mode:FULL, rate:0, size:114
2025-12-01 19:15:54, EXEC, v:1, k:poo@agenda, mode:FULL, rate:0, size:118
2025-12-01 19:25:27, EXEC, v:1, k:poo@agenda, mode:FULL, rate:0, size:122
2025-12-01 19:26:50, EXEC, v:1, k:poo@agenda, mode:FULL, rate:0, size:122
2025-12-01 19:28:20, EXEC, v:1, k:poo@agenda, mode:FULL, rate:0, size:122
2025-12-01 19:31:39, EXEC, v:1, k:poo@agenda, mode:FULL, rate:0, size:125
2025-12-01 19:33:04, EXEC, v:1, k:poo@agenda, mode:FULL, rate:0, size:125
2025-12-01 19:37:26, EXEC, v:1, k:poo@agenda, mode:FULL, rate:0, size:126
2025-12-01 19:40:32, EXEC, v:1, k:poo@agenda, mode:FULL, rate:0
2025-12-01 19:40:33, MOVE, v:1, k:poo@agenda, mode:BACK
2025-12-01 19:44:37, MOVE, v:1, k:poo@agenda, mode:PICK
2025-12-01 19:44:38, EXEC, v:1, k:poo@agenda, mode:FULL, rate:0, size:127
2025-12-01 19:44:39, EXEC, v:1, k:poo@agenda, mode:FULL, rate:0
2025-12-01 19:48:17, EXEC, v:1, k:poo@agenda, mode:FULL, rate:25, size:127
2025-12-01 19:51:50, EXEC, v:1, k:poo@agenda, mode:FULL, rate:25, size:127
2025-12-01 19:52:17, EXEC, v:1, k:poo@agenda, mode:FULL, rate:25, size:127
2025-12-01 19:53:55, MOVE, v:1, k:poo@agenda, mode:BACK
2025-12-01 20:03:54, MOVE, v:1, k:poo@agenda, mode:PICK
2025-12-01 20:03:55, EXEC, v:1, k:poo@agenda, mode:FULL, rate:25
2025-12-01 20:26:44, EXEC, v:1, k:poo@agenda, mode:FULL, rate:25, size:140
2025-12-01 20:35:05, EXEC, v:1, k:poo@agenda, mode:FULL, rate:62, size:162
2025-12-01 20:37:05, EXEC, v:1, k:poo@agenda, mode:FULL, rate:62, size:163
2025-12-01 20:37:19, MOVE, v:1, k:poo@agenda, mode:BACK
